============================================
Job ID: 17533412
Job Name: lamaml_exp
Node: a100-4017
Partition: a100_short
Start time: Wed Jan 21 11:41:17 EST 2026
Config: traditional_nonseq_2013_2018
Seed: 10
Paths: gpfs
============================================
Running: python /gpfs/data/oermannlab/users/slj9342/la_maml_clinical_v2/scripts/run_experiment.py --config traditional_nonseq_2013_2018 --paths gpfs --seed 10
============================================
[rank: 0] Global seed set to 10
Some weights of BertForSequenceClassification were not initialized from the model checkpoint at /gpfs/data/oermannlab/NYUTron/model_zoos/nyutron_small/checkpoint-736000 and are newly initialized: ['bert.pooler.dense.bias', 'bert.pooler.dense.weight', 'classifier.bias', 'classifier.weight']
You should probably TRAIN this model on a down-stream task to be able to use it for predictions and inference.
wandb: Using wandb-core as the SDK backend.  Please refer to https://wandb.me/wandb-core for more information.
wandb: Currently logged in as: lakej98 (lakej98-nyu-langone-health) to https://api.wandb.ai. Use `wandb login --relogin` to force relogin
wandb: Tracking run with wandb version 0.19.8
wandb: Run data is saved locally in /gpfs/scratch/slj9342/wandb/wandb/run-20260121_114236-xexk0g7d
wandb: Run `wandb offline` to turn off syncing.
wandb: Syncing run traditional-nonsequential-2013-2018-seed-10
wandb: ⭐️ View project at https://wandb.ai/lakej98-nyu-langone-health/NYUtron-temporal-falloff
wandb: 🚀 View run at https://wandb.ai/lakej98-nyu-langone-health/NYUtron-temporal-falloff/runs/xexk0g7d
GPU available: True (cuda), used: True
TPU available: False, using: 0 TPU cores
IPU available: False, using: 0 IPUs
HPU available: False, using: 0 HPUs
/gpfs/data/oermannlab/users/slj9342/.conda/envs/amazon_fashion_env/lib/python3.11/site-packages/pytorch_lightning/callbacks/model_checkpoint.py:612: UserWarning: Checkpoint directory /gpfs/data/oermannlab/users/slj9342/la_maml_clinical_v2/checkpoints/NYUtron-temporal-falloff/traditional-nonsequential-2013-2018/seed-10 exists and is not empty.
  rank_zero_warn(f"Checkpoint directory {dirpath} exists and is not empty.")
LOCAL_RANK: 0 - CUDA_VISIBLE_DEVICES: [0]

  | Name     | Type                          | Params
-----------------------------------------------------------
0 | model    | BertForSequenceClassification | 124 M 
1 | val_auc  | BinaryAUROC                   | 0     
2 | test_auc | BinaryAUROC                   | 0     
-----------------------------------------------------------
124 M     Trainable params
0         Non-trainable params
124 M     Total params
497.772   Total estimated model params size (MB)
SLURM auto-requeueing enabled. Setting signal handlers.
/gpfs/data/oermannlab/users/slj9342/.conda/envs/amazon_fashion_env/lib/python3.11/site-packages/pytorch_lightning/trainer/connectors/data_connector.py:430: PossibleUserWarning: The dataloader, val_dataloader, does not have many workers which may be a bottleneck. Consider increasing the value of the `num_workers` argument` (try 48 which is the number of cpus on this machine) in the `DataLoader` init to improve performance.
  rank_zero_warn(
/gpfs/data/oermannlab/users/slj9342/.conda/envs/amazon_fashion_env/lib/python3.11/site-packages/pytorch_lightning/trainer/connectors/data_connector.py:430: PossibleUserWarning: The dataloader, train_dataloader, does not have many workers which may be a bottleneck. Consider increasing the value of the `num_workers` argument` (try 48 which is the number of cpus on this machine) in the `DataLoader` init to improve performance.
  rank_zero_warn(
Traceback (most recent call last):
  File "/gpfs/data/oermannlab/users/slj9342/la_maml_clinical_v2/scripts/run_experiment.py", line 37, in <module>
    main()
  File "/gpfs/data/oermannlab/users/slj9342/la_maml_clinical_v2/src/lamaml_clinical/training/runner.py", line 484, in main
    runner.run()
Error in sys.excepthook:

[1;34mwandb[0m: 
[1;34mwandb[0m: 🚀 View run [33mtraditional-nonsequential-2013-2018-seed-10[0m at: [34mhttps://wandb.ai/lakej98-nyu-langone-health/NYUtron-temporal-falloff/runs/xexk0g7d[0m
[1;34mwandb[0m: Find logs at: [1;35m../../../../../scratch/slj9342/wandb/wandb/run-20260121_114236-xexk0g7d/logs[0m
  File "/gpfs/data/oermannlab/users/slj9342/la_maml_clinical_v2/src/lamaml_clinical/training/runner.py", line 326, in run
    self.run_nonsequential()
Error in sys.excepthook:
Traceback (most recent call last):

Original exception was:
Traceback (most recent call last):
