============================================
Job ID: 17614393
Job Name: lamaml_exp
Node: a100-4004
Partition: a100_short
Start time: Thu Jan 22 18:01:07 EST 2026
Config: tmaml_seq_2013_2024
Seed: 10
Paths: gpfs
============================================
Running: python /gpfs/data/oermannlab/users/slj9342/la_maml_clinical_v2/scripts/run_experiment.py --config tmaml_seq_2013_2024 --paths gpfs --seed 10
============================================
[rank: 0] Global seed set to 10
Some weights of BertForSequenceClassification were not initialized from the model checkpoint at /gpfs/data/oermannlab/NYUTron/model_zoos/nyutron_small/checkpoint-736000 and are newly initialized: ['bert.pooler.dense.bias', 'bert.pooler.dense.weight', 'classifier.bias', 'classifier.weight']
You should probably TRAIN this model on a down-stream task to be able to use it for predictions and inference.
wandb: Using wandb-core as the SDK backend.  Please refer to https://wandb.me/wandb-core for more information.
wandb: Currently logged in as: lakej98 (lakej98-nyu-langone-health) to https://api.wandb.ai. Use `wandb login --relogin` to force relogin
wandb: Tracking run with wandb version 0.19.8
wandb: Run data is saved locally in /gpfs/scratch/slj9342/wandb/wandb/run-20260122_180228-c46bsvz6
wandb: Run `wandb offline` to turn off syncing.
wandb: Syncing run tmaml-sequential-2013-2024-2013-seed-10
wandb: ⭐️ View project at https://wandb.ai/lakej98-nyu-langone-health/la_maml_clinical_v2
wandb: 🚀 View run at https://wandb.ai/lakej98-nyu-langone-health/la_maml_clinical_v2/runs/c46bsvz6
GPU available: True (cuda), used: True
TPU available: False, using: 0 TPU cores
IPU available: False, using: 0 IPUs
HPU available: False, using: 0 HPUs
LOCAL_RANK: 0 - CUDA_VISIBLE_DEVICES: [0]

  | Name     | Type                               | Params
----------------------------------------------------------------
0 | model    | PeftModelForSequenceClassification | 124 M 
1 | val_auc  | BinaryAUROC                        | 0     
2 | test_auc | BinaryAUROC                        | 0     
----------------------------------------------------------------
296 K     Trainable params
124 M     Non-trainable params
124 M     Total params
498.957   Total estimated model params size (MB)
SLURM auto-requeueing enabled. Setting signal handlers.
/gpfs/data/oermannlab/users/slj9342/.conda/envs/amazon_fashion_env/lib/python3.11/site-packages/pytorch_lightning/trainer/connectors/data_connector.py:430: PossibleUserWarning: The dataloader, val_dataloader, does not have many workers which may be a bottleneck. Consider increasing the value of the `num_workers` argument` (try 48 which is the number of cpus on this machine) in the `DataLoader` init to improve performance.
  rank_zero_warn(
/gpfs/data/oermannlab/users/slj9342/.conda/envs/amazon_fashion_env/lib/python3.11/site-packages/pytorch_lightning/trainer/connectors/data_connector.py:430: PossibleUserWarning: The dataloader, train_dataloader, does not have many workers which may be a bottleneck. Consider increasing the value of the `num_workers` argument` (try 48 which is the number of cpus on this machine) in the `DataLoader` init to improve performance.
  rank_zero_warn(
Applied PEFT (lora) to base model
Trainable params: 296,450 || All params: 124,739,332 || Trainable: 0.24%
Traceback (most recent call last):
  File "/gpfs/data/oermannlab/users/slj9342/la_maml_clinical_v2/scripts/run_experiment.py", line 37, in <module>
    main()
  File "/gpfs/data/oermannlab/users/slj9342/la_maml_clinical_v2/src/lamaml_clinical/training/runner.py", line 538, in main
    runner.run()
  File "/gpfs/data/oermannlab/users/slj9342/la_maml_clinical_v2/src/lamaml_clinical/training/runner.py", line 344, in run
    self.run_sequential()
  File "/gpfs/data/oermannlab/users/slj9342/la_maml_clinical_v2/src/lamaml_clinical/training/runner.py", line 449, in run_sequential
    trainer.fit(module, train_dataloaders=train_loader, val_dataloaders=val_dataloaders)
  File "/gpfs/data/oermannlab/users/slj9342/.conda/envs/amazon_fashion_env/lib/python3.11/site-packages/pytorch_lightning/trainer/trainer.py", line 520, in fit
    call._call_and_handle_interrupt(
  File "/gpfs/data/oermannlab/users/slj9342/.conda/envs/amazon_fashion_env/lib/python3.11/site-packages/pytorch_lightning/trainer/call.py", line 44, in _call_and_handle_interrupt
    return trainer_fn(*args, **kwargs)
           ^^^^^^^^^^^^^^^^^^^^^^^^^^^
  File "/gpfs/data/oermannlab/users/slj9342/.conda/envs/amazon_fashion_env/lib/python3.11/site-packages/pytorch_lightning/trainer/trainer.py", line 559, in _fit_impl
    self._run(model, ckpt_path=ckpt_path)
  File "/gpfs/data/oermannlab/users/slj9342/.conda/envs/amazon_fashion_env/lib/python3.11/site-packages/pytorch_lightning/trainer/trainer.py", line 935, in _run
    results = self._run_stage()
              ^^^^^^^^^^^^^^^^^
  File "/gpfs/data/oermannlab/users/slj9342/.conda/envs/amazon_fashion_env/lib/python3.11/site-packages/pytorch_lightning/trainer/trainer.py", line 978, in _run_stage
    self.fit_loop.run()
  File "/gpfs/data/oermannlab/users/slj9342/.conda/envs/amazon_fashion_env/lib/python3.11/site-packages/pytorch_lightning/loops/fit_loop.py", line 201, in run
    self.advance()
  File "/gpfs/data/oermannlab/users/slj9342/.conda/envs/amazon_fashion_env/lib/python3.11/site-packages/pytorch_lightning/loops/fit_loop.py", line 354, in advance
    self.epoch_loop.run(self._data_fetcher)
  File "/gpfs/data/oermannlab/users/slj9342/.conda/envs/amazon_fashion_env/lib/python3.11/site-packages/pytorch_lightning/loops/training_epoch_loop.py", line 133, in run
    self.advance(data_fetcher)
  File "/gpfs/data/oermannlab/users/slj9342/.conda/envs/amazon_fashion_env/lib/python3.11/site-packages/pytorch_lightning/loops/training_epoch_loop.py", line 220, in advance
    batch_output = self.manual_optimization.run(kwargs)
                   ^^^^^^^^^^^^^^^^^^^^^^^^^^^^^^^^^^^^
  File "/gpfs/data/oermannlab/users/slj9342/.conda/envs/amazon_fashion_env/lib/python3.11/site-packages/pytorch_lightning/loops/optimization/manual.py", line 90, in run
    self.advance(kwargs)
  File "/gpfs/data/oermannlab/users/slj9342/.conda/envs/amazon_fashion_env/lib/python3.11/site-packages/pytorch_lightning/loops/optimization/manual.py", line 109, in advance
    training_step_output = call._call_strategy_hook(trainer, "training_step", *kwargs.values())
                           ^^^^^^^^^^^^^^^^^^^^^^^^^^^^^^^^^^^^^^^^^^^^^^^^^^^^^^^^^^^^^^^^^^^^
  File "/gpfs/data/oermannlab/users/slj9342/.conda/envs/amazon_fashion_env/lib/python3.11/site-packages/pytorch_lightning/trainer/call.py", line 288, in _call_strategy_hook
    output = fn(*args, **kwargs)
             ^^^^^^^^^^^^^^^^^^^
  File "/gpfs/data/oermannlab/users/slj9342/.conda/envs/amazon_fashion_env/lib/python3.11/site-packages/pytorch_lightning/strategies/strategy.py", line 366, in training_step
    return self.model.training_step(*args, **kwargs)
           ^^^^^^^^^^^^^^^^^^^^^^^^^^^^^^^^^^^^^^^^^
  File "/gpfs/data/oermannlab/users/slj9342/la_maml_clinical_v2/src/lamaml_clinical/models/tmaml.py", line 122, in training_step
    with higher.innerloop_ctx(
  File "/gpfs/data/oermannlab/users/slj9342/.conda/envs/amazon_fashion_env/lib/python3.11/contextlib.py", line 137, in __enter__
    return next(self.gen)
           ^^^^^^^^^^^^^^
  File "/gpfs/data/oermannlab/users/slj9342/.conda/envs/amazon_fashion_env/lib/python3.11/site-packages/higher/__init__.py", line 85, in innerloop_ctx
    fmodel = monkeypatch(
             ^^^^^^^^^^^^
  File "/gpfs/data/oermannlab/users/slj9342/.conda/envs/amazon_fashion_env/lib/python3.11/site-packages/higher/patch.py", line 542, in monkeypatch
    fmodule = make_functional(module, encapsulator=encapsulator)
              ^^^^^^^^^^^^^^^^^^^^^^^^^^^^^^^^^^^^^^^^^^^^^^^^^^
  File "/gpfs/data/oermannlab/users/slj9342/.conda/envs/amazon_fashion_env/lib/python3.11/site-packages/higher/patch.py", line 435, in make_functional
    _, fmodule, MonkeyPatched = _make_functional(module, params_box, 0)
                                ^^^^^^^^^^^^^^^^^^^^^^^^^^^^^^^^^^^^^^^
  File "/gpfs/data/oermannlab/users/slj9342/.conda/envs/amazon_fashion_env/lib/python3.11/site-packages/higher/patch.py", line 348, in _make_functional
    child_params_offset, fchild, _ = _make_functional(
                                     ^^^^^^^^^^^^^^^^^
  File "/gpfs/data/oermannlab/users/slj9342/.conda/envs/amazon_fashion_env/lib/python3.11/site-packages/higher/patch.py", line 218, in _make_functional
    class MonkeyPatched(_ModuleType, _MonkeyPatchBase):  # type: ignore
  File "<frozen abc>", line 106, in __new__
TypeError: Cannot create a consistent method resolution
order (MRO) for bases Module, ABC
[1;34mwandb[0m: 
[1;34mwandb[0m: 🚀 View run [33mtmaml-sequential-2013-2024-2013-seed-10[0m at: [34mhttps://wandb.ai/lakej98-nyu-langone-health/la_maml_clinical_v2/runs/c46bsvz6[0m
[1;34mwandb[0m: Find logs at: [1;35m../../../../../scratch/slj9342/wandb/wandb/run-20260122_180228-c46bsvz6/logs[0m
