============================================
Job ID: 17614319
Job Name: lamaml_exp
Node: a100-4004
Partition: a100_short
Start time: Thu Jan 22 17:55:26 EST 2026
Config: tmaml_seq_2013_2024
Seed: 10
Paths: gpfs
============================================
Running: python /gpfs/data/oermannlab/users/slj9342/la_maml_clinical_v2/scripts/run_experiment.py --config tmaml_seq_2013_2024 --paths gpfs --seed 10
============================================
[rank: 0] Global seed set to 10
Some weights of BertForSequenceClassification were not initialized from the model checkpoint at /gpfs/data/oermannlab/NYUTron/model_zoos/nyutron_small/checkpoint-736000 and are newly initialized: ['bert.pooler.dense.bias', 'bert.pooler.dense.weight', 'classifier.bias', 'classifier.weight']
You should probably TRAIN this model on a down-stream task to be able to use it for predictions and inference.
wandb: Using wandb-core as the SDK backend.  Please refer to https://wandb.me/wandb-core for more information.
wandb: Currently logged in as: lakej98 (lakej98-nyu-langone-health) to https://api.wandb.ai. Use `wandb login --relogin` to force relogin
wandb: Tracking run with wandb version 0.19.8
wandb: Run data is saved locally in /gpfs/scratch/slj9342/wandb/wandb/run-20260122_175706-09htvxee
wandb: Run `wandb offline` to turn off syncing.
wandb: Syncing run tmaml-sequential-2013-2024-2013-seed-10
wandb: ⭐️ View project at https://wandb.ai/lakej98-nyu-langone-health/la_maml_clinical_v2
wandb: 🚀 View run at https://wandb.ai/lakej98-nyu-langone-health/la_maml_clinical_v2/runs/09htvxee
GPU available: True (cuda), used: True
TPU available: False, using: 0 TPU cores
IPU available: False, using: 0 IPUs
HPU available: False, using: 0 HPUs
LOCAL_RANK: 0 - CUDA_VISIBLE_DEVICES: [0]

  | Name     | Type                          | Params
-----------------------------------------------------------
0 | model    | BertForSequenceClassification | 124 M 
1 | val_auc  | BinaryAUROC                   | 0     
2 | test_auc | BinaryAUROC                   | 0     
-----------------------------------------------------------
124 M     Trainable params
0         Non-trainable params
124 M     Total params
497.772   Total estimated model params size (MB)
SLURM auto-requeueing enabled. Setting signal handlers.
/gpfs/data/oermannlab/users/slj9342/.conda/envs/amazon_fashion_env/lib/python3.11/site-packages/pytorch_lightning/trainer/connectors/data_connector.py:430: PossibleUserWarning: The dataloader, val_dataloader, does not have many workers which may be a bottleneck. Consider increasing the value of the `num_workers` argument` (try 48 which is the number of cpus on this machine) in the `DataLoader` init to improve performance.
  rank_zero_warn(
/gpfs/data/oermannlab/users/slj9342/.conda/envs/amazon_fashion_env/lib/python3.11/site-packages/pytorch_lightning/trainer/connectors/data_connector.py:430: PossibleUserWarning: The dataloader, train_dataloader, does not have many workers which may be a bottleneck. Consider increasing the value of the `num_workers` argument` (try 48 which is the number of cpus on this machine) in the `DataLoader` init to improve performance.
  rank_zero_warn(
[2026-01-22T17:59:35.119] error: *** JOB 17614319 ON a100-4004 CANCELLED AT 2026-01-22T17:59:35 DUE to SIGNAL Terminated ***
