============================================
Job ID: 17943807
Job Name: lamaml_exp
Node: a100-4007
Partition: a100_short
Start time: Sat Jan 31 17:50:28 EST 2026
Config: traditional_nonseq_2013_2018
Seed: 10
Paths: gpfs
============================================
Running: python /gpfs/data/oermannlab/users/slj9342/la_maml_clinical_v2/scripts/run_experiment.py --config traditional_nonseq_2013_2018 --paths gpfs --seed 10
============================================
[rank: 0] Global seed set to 10
Some weights of BertForSequenceClassification were not initialized from the model checkpoint at /gpfs/data/oermannlab/NYUTron/model_zoos/nyutron_small/checkpoint-736000 and are newly initialized: ['bert.pooler.dense.bias', 'bert.pooler.dense.weight', 'classifier.bias', 'classifier.weight']
You should probably TRAIN this model on a down-stream task to be able to use it for predictions and inference.
/gpfs/data/oermannlab/users/slj9342/.conda/envs/amazon_fashion_env/lib/python3.11/site-packages/pytorch_lightning/utilities/parsing.py:197: UserWarning: Attribute 'model' is an instance of `nn.Module` and is already saved during checkpointing. It is recommended to ignore them using `self.save_hyperparameters(ignore=['model'])`.
  rank_zero_warn(
wandb: Using wandb-core as the SDK backend.  Please refer to https://wandb.me/wandb-core for more information.
wandb: Currently logged in as: lakej98 (lakej98-nyu-langone-health) to https://api.wandb.ai. Use `wandb login --relogin` to force relogin
wandb: Tracking run with wandb version 0.19.8
wandb: Run data is saved locally in /gpfs/scratch/slj9342/wandb/wandb/run-20260131_175138-9ckyrrza
wandb: Run `wandb offline` to turn off syncing.
wandb: Syncing run traditional-nonsequential-2013-2018-seed-10
wandb: ⭐️ View project at https://wandb.ai/lakej98-nyu-langone-health/la_maml_clinical_v2
wandb: 🚀 View run at https://wandb.ai/lakej98-nyu-langone-health/la_maml_clinical_v2/runs/9ckyrrza
GPU available: True (cuda), used: True
TPU available: False, using: 0 TPU cores
IPU available: False, using: 0 IPUs
HPU available: False, using: 0 HPUs
Traceback (most recent call last):
  File "/gpfs/data/oermannlab/users/slj9342/la_maml_clinical_v2/scripts/run_experiment.py", line 37, in <module>
    main()
  File "/gpfs/data/oermannlab/users/slj9342/la_maml_clinical_v2/src/lamaml_clinical/training/runner.py", line 645, in main
    runner.run()
  File "/gpfs/data/oermannlab/users/slj9342/la_maml_clinical_v2/src/lamaml_clinical/training/runner.py", line 404, in run
    self.run_nonsequential()
  File "/gpfs/data/oermannlab/users/slj9342/la_maml_clinical_v2/src/lamaml_clinical/training/runner.py", line 423, in run_nonsequential
    trainer.fit(module, dm)
  File "/gpfs/data/oermannlab/users/slj9342/.conda/envs/amazon_fashion_env/lib/python3.11/site-packages/pytorch_lightning/trainer/trainer.py", line 520, in fit
    call._call_and_handle_interrupt(
  File "/gpfs/data/oermannlab/users/slj9342/.conda/envs/amazon_fashion_env/lib/python3.11/site-packages/pytorch_lightning/trainer/call.py", line 44, in _call_and_handle_interrupt
    return trainer_fn(*args, **kwargs)
           ^^^^^^^^^^^^^^^^^^^^^^^^^^^
  File "/gpfs/data/oermannlab/users/slj9342/.conda/envs/amazon_fashion_env/lib/python3.11/site-packages/pytorch_lightning/trainer/trainer.py", line 559, in _fit_impl
    self._run(model, ckpt_path=ckpt_path)
  File "/gpfs/data/oermannlab/users/slj9342/.conda/envs/amazon_fashion_env/lib/python3.11/site-packages/pytorch_lightning/trainer/trainer.py", line 896, in _run
    call._call_setup_hook(self)  # allow user to setup lightning_module in accelerator environment
    ^^^^^^^^^^^^^^^^^^^^^^^^^^^
  File "/gpfs/data/oermannlab/users/slj9342/.conda/envs/amazon_fashion_env/lib/python3.11/site-packages/pytorch_lightning/trainer/call.py", line 81, in _call_setup_hook
    _call_lightning_datamodule_hook(trainer, "setup", stage=fn)
  File "/gpfs/data/oermannlab/users/slj9342/.conda/envs/amazon_fashion_env/lib/python3.11/site-packages/pytorch_lightning/trainer/call.py", line 162, in _call_lightning_datamodule_hook
    return fn(*args, **kwargs)
           ^^^^^^^^^^^^^^^^^^^
  File "/gpfs/data/oermannlab/users/slj9342/la_maml_clinical_v2/src/lamaml_clinical/data/datamodules.py", line 155, in setup
    self._setup_train_loaders()
  File "/gpfs/data/oermannlab/users/slj9342/la_maml_clinical_v2/src/lamaml_clinical/data/datamodules.py", line 186, in _setup_train_loaders
    train_data = pd.concat([
                           ^
  File "/gpfs/data/oermannlab/users/slj9342/la_maml_clinical_v2/src/lamaml_clinical/data/datamodules.py", line 187, in <listcomp>
    pd.read_parquet(self.data_dir / f"train_{year}.parquet")
  File "/gpfs/data/oermannlab/users/slj9342/.conda/envs/amazon_fashion_env/lib/python3.11/site-packages/pandas/io/parquet.py", line 667, in read_parquet
    return impl.read(
           ^^^^^^^^^^
  File "/gpfs/data/oermannlab/users/slj9342/.conda/envs/amazon_fashion_env/lib/python3.11/site-packages/pandas/io/parquet.py", line 274, in read
    pa_table = self.api.parquet.read_table(
               ^^^^^^^^^^^^^^^^^^^^^^^^^^^^
  File "/gpfs/data/oermannlab/users/slj9342/.local/lib/python3.11/site-packages/pyarrow/parquet/core.py", line 1774, in read_table
    dataset = ParquetDataset(
              ^^^^^^^^^^^^^^^
  File "/gpfs/data/oermannlab/users/slj9342/.local/lib/python3.11/site-packages/pyarrow/parquet/core.py", line 1350, in __init__
    [fragment], schema=schema or fragment.physical_schema,
                                 ^^^^^^^^^^^^^^^^^^^^^^^^
  File "pyarrow/_dataset.pyx", line 1473, in pyarrow._dataset.Fragment.physical_schema.__get__
  File "pyarrow/error.pxi", line 155, in pyarrow.lib.pyarrow_internal_check_status
  File "pyarrow/error.pxi", line 92, in pyarrow.lib.check_status
pyarrow.lib.ArrowInvalid: Could not open Parquet input source '<Buffer>': Parquet magic bytes not found in footer. Either the file is corrupted or this is not a parquet file.
[1;34mwandb[0m: 
[1;34mwandb[0m: 🚀 View run [33mtraditional-nonsequential-2013-2018-seed-10[0m at: [34mhttps://wandb.ai/lakej98-nyu-langone-health/la_maml_clinical_v2/runs/9ckyrrza[0m
[1;34mwandb[0m: Find logs at: [1;35m../../../../../scratch/slj9342/wandb/wandb/run-20260131_175138-9ckyrrza/logs[0m
