============================================
Job ID: 17636842
Job Name: lamaml_exp
Node: a100-4014
Partition: a100_short
Start time: Fri Jan 23 15:49:56 EST 2026
Config: tmaml_seq_2013_2024
Seed: 10
Paths: gpfs
============================================
Running: python /gpfs/data/oermannlab/users/slj9342/la_maml_clinical_v2/scripts/run_experiment.py --config tmaml_seq_2013_2024 --paths gpfs --seed 10
============================================
[rank: 0] Global seed set to 10
Some weights of BertForSequenceClassification were not initialized from the model checkpoint at /gpfs/data/oermannlab/NYUTron/model_zoos/nyutron_small/checkpoint-736000 and are newly initialized: ['bert.pooler.dense.bias', 'bert.pooler.dense.weight', 'classifier.bias', 'classifier.weight']
You should probably TRAIN this model on a down-stream task to be able to use it for predictions and inference.
wandb: Using wandb-core as the SDK backend.  Please refer to https://wandb.me/wandb-core for more information.
wandb: Currently logged in as: lakej98 (lakej98-nyu-langone-health) to https://api.wandb.ai. Use `wandb login --relogin` to force relogin
wandb: Tracking run with wandb version 0.19.8
wandb: Run data is saved locally in /gpfs/scratch/slj9342/wandb/wandb/run-20260123_155115-eavfo0vb
wandb: Run `wandb offline` to turn off syncing.
wandb: Syncing run tmaml-sequential-2013-2024-2013-seed-10
wandb: ⭐️ View project at https://wandb.ai/lakej98-nyu-langone-health/la_maml_clinical_v2
wandb: 🚀 View run at https://wandb.ai/lakej98-nyu-langone-health/la_maml_clinical_v2/runs/eavfo0vb
GPU available: True (cuda), used: True
TPU available: False, using: 0 TPU cores
IPU available: False, using: 0 IPUs
HPU available: False, using: 0 HPUs
LOCAL_RANK: 0 - CUDA_VISIBLE_DEVICES: [0]

  | Name     | Type                          | Params
-----------------------------------------------------------
0 | model    | BertForSequenceClassification | 124 M 
1 | val_auc  | BinaryAUROC                   | 0     
2 | test_auc | BinaryAUROC                   | 0     
-----------------------------------------------------------
124 M     Trainable params
0         Non-trainable params
124 M     Total params
497.772   Total estimated model params size (MB)
SLURM auto-requeueing enabled. Setting signal handlers.
/gpfs/data/oermannlab/users/slj9342/.conda/envs/amazon_fashion_env/lib/python3.11/site-packages/pytorch_lightning/trainer/connectors/data_connector.py:430: PossibleUserWarning: The dataloader, val_dataloader, does not have many workers which may be a bottleneck. Consider increasing the value of the `num_workers` argument` (try 48 which is the number of cpus on this machine) in the `DataLoader` init to improve performance.
  rank_zero_warn(
/gpfs/data/oermannlab/users/slj9342/.conda/envs/amazon_fashion_env/lib/python3.11/site-packages/pytorch_lightning/trainer/connectors/data_connector.py:430: PossibleUserWarning: The dataloader, train_dataloader, does not have many workers which may be a bottleneck. Consider increasing the value of the `num_workers` argument` (try 48 which is the number of cpus on this machine) in the `DataLoader` init to improve performance.
  rank_zero_warn(
Traceback (most recent call last):
  File "/gpfs/data/oermannlab/users/slj9342/la_maml_clinical_v2/scripts/run_experiment.py", line 37, in <module>
    main()
  File "/gpfs/data/oermannlab/users/slj9342/la_maml_clinical_v2/src/lamaml_clinical/training/runner.py", line 645, in main
    runner.run()
  File "/gpfs/data/oermannlab/users/slj9342/la_maml_clinical_v2/src/lamaml_clinical/training/runner.py", line 402, in run
    self.run_sequential()
  File "/gpfs/data/oermannlab/users/slj9342/la_maml_clinical_v2/src/lamaml_clinical/training/runner.py", line 556, in run_sequential
    trainer.fit(module, train_dataloaders=train_loader, val_dataloaders=val_dataloaders)
  File "/gpfs/data/oermannlab/users/slj9342/.conda/envs/amazon_fashion_env/lib/python3.11/site-packages/pytorch_lightning/trainer/trainer.py", line 520, in fit
    call._call_and_handle_interrupt(
  File "/gpfs/data/oermannlab/users/slj9342/.conda/envs/amazon_fashion_env/lib/python3.11/site-packages/pytorch_lightning/trainer/call.py", line 44, in _call_and_handle_interrupt
    return trainer_fn(*args, **kwargs)
           ^^^^^^^^^^^^^^^^^^^^^^^^^^^
  File "/gpfs/data/oermannlab/users/slj9342/.conda/envs/amazon_fashion_env/lib/python3.11/site-packages/pytorch_lightning/trainer/trainer.py", line 559, in _fit_impl
    self._run(model, ckpt_path=ckpt_path)
  File "/gpfs/data/oermannlab/users/slj9342/.conda/envs/amazon_fashion_env/lib/python3.11/site-packages/pytorch_lightning/trainer/trainer.py", line 935, in _run
    results = self._run_stage()
              ^^^^^^^^^^^^^^^^^
  File "/gpfs/data/oermannlab/users/slj9342/.conda/envs/amazon_fashion_env/lib/python3.11/site-packages/pytorch_lightning/trainer/trainer.py", line 978, in _run_stage
    self.fit_loop.run()
  File "/gpfs/data/oermannlab/users/slj9342/.conda/envs/amazon_fashion_env/lib/python3.11/site-packages/pytorch_lightning/loops/fit_loop.py", line 201, in run
    self.advance()
  File "/gpfs/data/oermannlab/users/slj9342/.conda/envs/amazon_fashion_env/lib/python3.11/site-packages/pytorch_lightning/loops/fit_loop.py", line 354, in advance
    self.epoch_loop.run(self._data_fetcher)
  File "/gpfs/data/oermannlab/users/slj9342/.conda/envs/amazon_fashion_env/lib/python3.11/site-packages/pytorch_lightning/loops/training_epoch_loop.py", line 133, in run
    self.advance(data_fetcher)
  File "/gpfs/data/oermannlab/users/slj9342/.conda/envs/amazon_fashion_env/lib/python3.11/site-packages/pytorch_lightning/loops/training_epoch_loop.py", line 220, in advance
    batch_output = self.manual_optimization.run(kwargs)
                   ^^^^^^^^^^^^^^^^^^^^^^^^^^^^^^^^^^^^
  File "/gpfs/data/oermannlab/users/slj9342/.conda/envs/amazon_fashion_env/lib/python3.11/site-packages/pytorch_lightning/loops/optimization/manual.py", line 90, in run
    self.advance(kwargs)
  File "/gpfs/data/oermannlab/users/slj9342/.conda/envs/amazon_fashion_env/lib/python3.11/site-packages/pytorch_lightning/loops/optimization/manual.py", line 109, in advance
    training_step_output = call._call_strategy_hook(trainer, "training_step", *kwargs.values())
                           ^^^^^^^^^^^^^^^^^^^^^^^^^^^^^^^^^^^^^^^^^^^^^^^^^^^^^^^^^^^^^^^^^^^^
  File "/gpfs/data/oermannlab/users/slj9342/.conda/envs/amazon_fashion_env/lib/python3.11/site-packages/pytorch_lightning/trainer/call.py", line 288, in _call_strategy_hook
    output = fn(*args, **kwargs)
             ^^^^^^^^^^^^^^^^^^^
  File "/gpfs/data/oermannlab/users/slj9342/.conda/envs/amazon_fashion_env/lib/python3.11/site-packages/pytorch_lightning/strategies/strategy.py", line 366, in training_step
    return self.model.training_step(*args, **kwargs)
           ^^^^^^^^^^^^^^^^^^^^^^^^^^^^^^^^^^^^^^^^^
  File "/gpfs/data/oermannlab/users/slj9342/la_maml_clinical_v2/src/lamaml_clinical/models/tmaml.py", line 144, in training_step
    diffopt.step(loss, override={"lr": self.inner_loop_learning_rate})
  File "/gpfs/data/oermannlab/users/slj9342/.conda/envs/amazon_fashion_env/lib/python3.11/site-packages/higher/optim.py", line 209, in step
    self._apply_override(override)
  File "/gpfs/data/oermannlab/users/slj9342/.conda/envs/amazon_fashion_env/lib/python3.11/site-packages/higher/optim.py", line 140, in _apply_override
    if (len(v) != 1) and (len(v) != len(self.param_groups)):
        ^^^^^^
TypeError: object of type 'float' has no len()
[1;34mwandb[0m: 
[1;34mwandb[0m: 🚀 View run [33mtmaml-sequential-2013-2024-2013-seed-10[0m at: [34mhttps://wandb.ai/lakej98-nyu-langone-health/la_maml_clinical_v2/runs/eavfo0vb[0m
[1;34mwandb[0m: Find logs at: [1;35m../../../../../scratch/slj9342/wandb/wandb/run-20260123_155115-eavfo0vb/logs[0m
